<?xml version="1.0" encoding="UTF-8"?>
<!-- Generated by org.testng.reporters.JUnitReportReporter -->
<testsuite skipped="0" hostname="Stanislavs-MacBook-Pro.local" name="dashbord.pro.CounLinks" tests="1" failures="0" timestamp="09 Apr 2019 12:49:50 GMT" time="1.923" errors="0">
  <testcase name="Links" time="1.923" classname="dashbord.pro.CounLinks"/>
</testsuite> <!-- dashbord.pro.CounLinks -->
