<?xml version="1.0" encoding="UTF-8"?>
<!-- Generated by org.testng.reporters.JUnitReportReporter -->
<testsuite skipped="0" hostname="Stanislavs-MacBook-Pro.local" name="dashbord.pro.addCategory" tests="1" failures="0" timestamp="10 Apr 2019 05:18:34 GMT" time="9.773" errors="0">
  <testcase name="addCategor" time="9.773" classname="dashbord.pro.addCategory"/>
</testsuite> <!-- dashbord.pro.addCategory -->
