<?xml version="1.0" encoding="UTF-8"?>
<!-- Generated by org.testng.reporters.JUnitReportReporter -->
<testsuite skipped="0" hostname="Stanislavs-MacBook-Pro.local" name="dashbord.pro.removeCategory" tests="1" failures="0" timestamp="10 Apr 2019 04:19:19 GMT" time="2.217" errors="0">
  <testcase name="removeCategor" time="2.217" classname="dashbord.pro.removeCategory"/>
</testsuite> <!-- dashbord.pro.removeCategory -->
