<?xml version="1.0" encoding="UTF-8"?>
<!-- Generated by org.testng.reporters.JUnitReportReporter -->
<testsuite skipped="0" hostname="Stanislavs-MacBook-Pro.local" name="dashbord.pro.removeFromTodoList" tests="1" failures="0" timestamp="09 Apr 2019 23:39:52 GMT" time="2.324" errors="0">
  <testcase name="remove" time="2.324" classname="dashbord.pro.removeFromTodoList"/>
</testsuite> <!-- dashbord.pro.removeFromTodoList -->
