<?xml version="1.0" encoding="UTF-8"?>
<!-- Generated by org.testng.reporters.JUnitReportReporter -->
<testsuite skipped="0" hostname="Stanislavs-MacBook-Pro.local" name="dashbord.pro.selectallTodoList" tests="1" failures="0" timestamp="10 Apr 2019 04:21:35 GMT" time="2.106" errors="0">
  <testcase name="Selecttodo" time="2.106" classname="dashbord.pro.selectallTodoList"/>
</testsuite> <!-- dashbord.pro.selectallTodoList -->
